<?xml version="1.0" encoding="UTF-8"?>
<testsuite name="zerobase.whether.JpaMemoRepositoryTest" tests="1" skipped="0" failures="0" errors="0" timestamp="2024-06-21T23:43:23" hostname="DESKTOP-8G4FIGL" time="0.68">
  <properties/>
  <testcase name="findByIdTest()" classname="zerobase.whether.JpaMemoRepositoryTest" time="0.68"/>
  <system-out><![CDATA[08:43:19.307 [Test worker] INFO org.springframework.test.context.support.AnnotationConfigContextLoaderUtils -- Could not detect default configuration classes for test class [zerobase.whether.JpaMemoRepositoryTest]: JpaMemoRepositoryTest does not declare any static, non-private, non-final, nested classes annotated with @Configuration.
08:43:19.405 [Test worker] INFO org.springframework.boot.test.context.SpringBootTestContextBootstrapper -- Found @SpringBootConfiguration zerobase.whether.WhetherApplication for test class zerobase.whether.JpaMemoRepositoryTest
  .   ____          _            __ _ _
 /\\ / ___'_ __ _ _(_)_ __  __ _ \ \ \ \
( ( )\___ | '_ | '_| | '_ \/ _` | \ \ \ \
 \\/  ___)| |_)| | | | | || (_| |  ) ) ) )
  '  |____| .__|_| |_|_| |_\__, | / / / /
 =========|_|==============|___/=/_/_/_/

 :: Spring Boot ::                (v3.3.0)

2024-06-22T08:43:19.731+09:00  INFO 5380 --- [whether] [    Test worker] zerobase.whether.JpaMemoRepositoryTest   : Starting JpaMemoRepositoryTest using Java 17.0.11 with PID 5380 (started by hardv in C:\dev\whether)
2024-06-22T08:43:19.732+09:00  INFO 5380 --- [whether] [    Test worker] zerobase.whether.JpaMemoRepositoryTest   : No active profile set, falling back to 1 default profile: "default"
2024-06-22T08:43:20.275+09:00  INFO 5380 --- [whether] [    Test worker] .s.d.r.c.RepositoryConfigurationDelegate : Bootstrapping Spring Data JPA repositories in DEFAULT mode.
2024-06-22T08:43:20.339+09:00  INFO 5380 --- [whether] [    Test worker] .s.d.r.c.RepositoryConfigurationDelegate : Finished Spring Data repository scanning in 54 ms. Found 1 JPA repository interface.
2024-06-22T08:43:20.715+09:00  INFO 5380 --- [whether] [    Test worker] com.zaxxer.hikari.HikariDataSource       : HikariPool-1 - Starting...
2024-06-22T08:43:20.983+09:00  INFO 5380 --- [whether] [    Test worker] com.zaxxer.hikari.pool.HikariPool        : HikariPool-1 - Added connection com.mysql.cj.jdbc.ConnectionImpl@3869a6e5
2024-06-22T08:43:20.985+09:00  INFO 5380 --- [whether] [    Test worker] com.zaxxer.hikari.HikariDataSource       : HikariPool-1 - Start completed.
2024-06-22T08:43:21.037+09:00  INFO 5380 --- [whether] [    Test worker] o.hibernate.jpa.internal.util.LogHelper  : HHH000204: Processing PersistenceUnitInfo [name: default]
2024-06-22T08:43:21.093+09:00  INFO 5380 --- [whether] [    Test worker] org.hibernate.Version                    : HHH000412: Hibernate ORM core version 6.5.2.Final
2024-06-22T08:43:21.142+09:00  INFO 5380 --- [whether] [    Test worker] o.h.c.internal.RegionFactoryInitiator    : HHH000026: Second-level cache disabled
2024-06-22T08:43:21.478+09:00  INFO 5380 --- [whether] [    Test worker] o.s.o.j.p.SpringPersistenceUnitInfo      : No LoadTimeWeaver setup: ignoring JPA class transformer
2024-06-22T08:43:22.210+09:00  INFO 5380 --- [whether] [    Test worker] o.h.e.t.j.p.i.JtaPlatformInitiator       : HHH000489: No JTA platform available (set 'hibernate.transaction.jta.platform' to enable JTA platform integration)
2024-06-22T08:43:22.212+09:00  INFO 5380 --- [whether] [    Test worker] j.LocalContainerEntityManagerFactoryBean : Initialized JPA EntityManagerFactory for persistence unit 'default'
2024-06-22T08:43:22.352+09:00  WARN 5380 --- [whether] [    Test worker] JpaBaseConfiguration$JpaWebConfiguration : spring.jpa.open-in-view is enabled by default. Therefore, database queries may be performed during view rendering. Explicitly configure spring.jpa.open-in-view to disable this warning
2024-06-22T08:43:23.123+09:00  INFO 5380 --- [whether] [    Test worker] zerobase.whether.JpaMemoRepositoryTest   : Started JpaMemoRepositoryTest in 3.583 seconds (process running for 4.596)
11
]]></system-out>
  <system-err><![CDATA[]]></system-err>
</testsuite>
